#-----------------------------------------------------------
# Vivado v2018.2 (64-bit)
# SW Build 2258646 on Thu Jun 14 20:03:12 MDT 2018
# IP Build 2256618 on Thu Jun 14 22:10:49 MDT 2018
# Start of session at: Thu Apr 20 13:32:17 2023
# Process ID: 11352
# Current directory: C:/Users/janak/Lab1
# Command line: vivado.exe -gui_launcher_event rodinguilauncherevent15040 C:\Users\janak\Lab1\Lab1.xpr
# Log file: C:/Users/janak/Lab1/vivado.log
# Journal file: C:/Users/janak/Lab1\vivado.jou
#-----------------------------------------------------------
start_guopopen_project C:/Users/janak/Lab1/Lab1.xpScScanning sources...
Finished scanning sourceININFO: [IP_Flow 19-234] Refreshing IP repositories
INFO: [IP_Flow 19-1704] No user IP repositories specifieININFO: [IP_Flow 19-2313] Loaded Vivado IP repository 'C:/Xilinx/Vivado/2018.2/data/ip'opopen_project: Time (s): cpu = 00:00:16 ; elapsed = 00:00:12 . Memory (MB): peak = 888.879 ; gain = 129.22exfile mkdir C:/Users/janak/Lab1/Lab1.srcs/sources_1/new
close [ open C:/Users/janak/Lab1/Lab1.srcs/sources_1/new/lab1.vhd w ]
add_files C:/Users/janak/Lab1/Lab1.srcs/sources_1/new/lab1.vhd
update_compile_order -fileset sources_1
launch_runs synth_1 -jobs 4
[Thu Apr 20 17:15:08 2023] Launched synth_1...
Run output will be captured here: C:/Users/janak/Lab1/Lab1.runs/synth_1/runme.log
launch_runs impl_1 -jobs 4
[Thu Apr 20 17:15:46 2023] Launched impl_1...
Run output will be captured here: C:/Users/janak/Lab1/Lab1.runs/impl_1/runme.log
open_run impl_1
INFO: [Netlist 29-17] Analyzing 3 Unisim elements for replacement
INFO: [Netlist 29-28] Unisim Transformation completed in 0 CPU seconds
INFO: [Project 1-479] Netlist was created with Vivado 2018.2
INFO: [Device 21-403] Loading part xc7a35tcpg236-1
INFO: [Project 1-570] Preparing netlist for logic optimization
Reading XDEF placement.
Reading placer database...
Reading XDEF routing.
Read XDEF File: Time (s): cpu = 00:00:00 ; elapsed = 00:00:00.032 . Memory (MB): peak = 1226.129 ; gain = 0.066
Restored from archive | CPU: 0.000000 secs | Memory: 0.000000 MB |
Finished XDEF File Restore: Time (s): cpu = 00:00:00 ; elapsed = 00:00:00.032 . Memory (MB): peak = 1226.129 ; gain = 0.066
INFO: [Project 1-111] Unisim Transformation Summary:
No Unisim elements were transformed.

open_run: Time (s): cpu = 00:00:14 ; elapsed = 00:00:09 . Memory (MB): peak = 1316.684 ; gain = 385.773
WARNING: [Timing 38-313] There are no user specified timing constraints. Timing constraints are needed for proper timing analysis.
file mkdir C:/Users/janak/Lab1/Lab1.srcs/constrs_1
file mkdir C:/Users/janak/Lab1/Lab1.srcs/constrs_1/new
close [ open C:/Users/janak/Lab1/Lab1.srcs/constrs_1/new/lab1XDC.xdc w ]
add_files -fileset constrs_1 C:/Users/janak/Lab1/Lab1.srcs/constrs_1/new/lab1XDC.xdc
reset_run synth_1
launch_runs synth_1 -jobs 4
[Thu Apr 20 17:23:37 2023] Launched synth_1...
Run output will be captured here: C:/Users/janak/Lab1/Lab1.runs/synth_1/runme.log
launch_runs impl_1 -jobs 4
[Thu Apr 20 17:24:13 2023] Launched impl_1...
Run output will be captured here: C:/Users/janak/Lab1/Lab1.runs/impl_1/runme.log
refresh_design
INFO: [Netlist 29-17] Analyzing 3 Unisim elements for replacement
INFO: [Netlist 29-28] Unisim Transformation completed in 0 CPU seconds
INFO: [Project 1-479] Netlist was created with Vivado 2018.2
INFO: [Project 1-570] Preparing netlist for logic optimization
INFO: [Timing 38-478] Restoring timing data from binary archive.
INFO: [Timing 38-479] Binary timing data restore complete.
INFO: [Project 1-856] Restoring constraints from binary archive.
INFO: [Project 1-853] Binary constraint restore complete.
Reading XDEF placement.
Reading placer database...
Reading XDEF routing.
Read XDEF File: Time (s): cpu = 00:00:00 ; elapsed = 00:00:00.026 . Memory (MB): peak = 1785.000 ; gain = 0.000
Restored from archive | CPU: 0.000000 secs | Memory: 0.000000 MB |
Finished XDEF File Restore: Time (s): cpu = 00:00:00 ; elapsed = 00:00:00.026 . Memory (MB): peak = 1785.000 ; gain = 0.000
WARNING: [Timing 38-313] There are no user specified timing constraints. Timing constraints are needed for proper timing analysis.
exit
INFO: [Common 17-206] Exiting Vivado at Thu Apr 20 17:32:15 2023...
