#-----------------------------------------------------------
# Vivado v2018.2 (64-bit)
# SW Build 2258646 on Thu Jun 14 20:03:12 MDT 2018
# IP Build 2256618 on Thu Jun 14 22:10:49 MDT 2018
# Start of session at: Sat Jun  3 13:28:35 2023
# Process ID: 11952
# Current directory: C:/Users/janak/lab5
# Command line: vivado.exe -gui_launcher_event rodinguilauncherevent18140 C:\Users\janak\lab5\lab5.xpr
# Log file: C:/Users/janak/lab5/vivado.log
# Journal file: C:/Users/janak/lab5\vivado.jou
#-----------------------------------------------------------
start_gui
open_project C:/Users/janak/lab5/lab5.xpr
Scanning sources...
Finished scanning sources
INFO: [IP_Flow 19-234] Refreshing IP repositories
INFO: [IP_Flow 19-1704] No user IP repositories specified
INFO: [IP_Flow 19-2313] Loaded Vivado IP repository 'C:/Xilinx/Vivado/2018.2/data/ip'.
open_project: Time (s): cpu = 00:00:11 ; elapsed = 00:00:06 . Memory (MB): peak = 889.246 ; gain = 157.746
update_compile_order -fileset sources_1
exit
INFO: [Common 17-206] Exiting Vivado at Sat Jun  3 13:55:37 2023...
