
*** Running vivado
    with args -log Counter.vds -m64 -product Vivado -mode batch -messageDb vivado.pb -notrace -source Counter.tcl


****** Vivado v2018.2 (64-bit)
  **** SW Build 2258646 on Thu Jun 14 20:03:12 MDT 2018
  **** IP Build 2256618 on Thu Jun 14 22:10:49 MDT 2018
    ** Copyright 1986-2018 Xilinx, Inc. All Rights Reserved.

source Counter.tcl -notrace
Command: synth_design -top Counter -part xc7a35tcpg236-1
Starting synth_design
Attempting to get a license for feature 'Synthesis' and/or device 'xc7a35t'
INFO: [Common 17-349] Got license for feature 'Synthesis' and/or device 'xc7a35t'
INFO: Launching helper process for spawning children vivado processes
INFO: Helper process launched with PID 9576 
---------------------------------------------------------------------------------
Starting RTL Elaboration : Time (s): cpu = 00:00:02 ; elapsed = 00:00:02 . Memory (MB): peak = 436.953 ; gain = 95.320
---------------------------------------------------------------------------------
INFO: [Synth 8-638] synthesizing module 'Counter' [C:/Users/janak/lab5/lab5.srcs/sources_1/new/Counter.vhd:41]
INFO: [Synth 8-3491] module 'Slow_Clk' declared at 'C:/Users/janak/lab5/lab5.srcs/sources_1/new/Slow_Clk.vhd:34' bound to instance 'Slow_Clk0' of component 'Slow_Clk' [C:/Users/janak/lab5/lab5.srcs/sources_1/new/Counter.vhd:66]
INFO: [Synth 8-638] synthesizing module 'Slow_Clk' [C:/Users/janak/lab5/lab5.srcs/sources_1/new/Slow_Clk.vhd:39]
INFO: [Synth 8-256] done synthesizing module 'Slow_Clk' (1#1) [C:/Users/janak/lab5/lab5.srcs/sources_1/new/Slow_Clk.vhd:39]
INFO: [Synth 8-3491] module 'D_FF' declared at 'C:/Users/janak/lab5/lab5.srcs/sources_1/new/D_FF.vhd:34' bound to instance 'D_FF0' of component 'D_FF' [C:/Users/janak/lab5/lab5.srcs/sources_1/new/Counter.vhd:74]
INFO: [Synth 8-638] synthesizing module 'D_FF' [C:/Users/janak/lab5/lab5.srcs/sources_1/new/D_FF.vhd:42]
INFO: [Synth 8-256] done synthesizing module 'D_FF' (2#1) [C:/Users/janak/lab5/lab5.srcs/sources_1/new/D_FF.vhd:42]
INFO: [Synth 8-3491] module 'D_FF' declared at 'C:/Users/janak/lab5/lab5.srcs/sources_1/new/D_FF.vhd:34' bound to instance 'D_FF1' of component 'D_FF' [C:/Users/janak/lab5/lab5.srcs/sources_1/new/Counter.vhd:81]
INFO: [Synth 8-3491] module 'D_FF' declared at 'C:/Users/janak/lab5/lab5.srcs/sources_1/new/D_FF.vhd:34' bound to instance 'D_FF2' of component 'D_FF' [C:/Users/janak/lab5/lab5.srcs/sources_1/new/Counter.vhd:88]
INFO: [Synth 8-256] done synthesizing module 'Counter' (3#1) [C:/Users/janak/lab5/lab5.srcs/sources_1/new/Counter.vhd:41]
---------------------------------------------------------------------------------
Finished RTL Elaboration : Time (s): cpu = 00:00:02 ; elapsed = 00:00:03 . Memory (MB): peak = 491.703 ; gain = 150.070
---------------------------------------------------------------------------------

Report Check Netlist: 
+------+------------------+-------+---------+-------+------------------+
|      |Item              |Errors |Warnings |Status |Description       |
+------+------------------+-------+---------+-------+------------------+
|1     |multi_driven_nets |      0|        0|Passed |Multi driven nets |
+------+------------------+-------+---------+-------+------------------+
---------------------------------------------------------------------------------
Start Handling Custom Attributes
---------------------------------------------------------------------------------
---------------------------------------------------------------------------------
Finished Handling Custom Attributes : Time (s): cpu = 00:00:02 ; elapsed = 00:00:03 . Memory (MB): peak = 491.703 ; gain = 150.070
---------------------------------------------------------------------------------
---------------------------------------------------------------------------------
Finished RTL Optimization Phase 1 : Time (s): cpu = 00:00:02 ; elapsed = 00:00:03 . Memory (MB): peak = 491.703 ; gain = 150.070
---------------------------------------------------------------------------------
INFO: [Device 21-403] Loading part xc7a35tcpg236-1
INFO: [Project 1-570] Preparing netlist for logic optimization

Processing XDC Constraints
Initializing timing engine
Parsing XDC File [C:/Users/janak/lab5/lab5.srcs/constrs_1/new/lab5xdc.xdc]
WARNING: [Vivado 12-584] No ports matched 'D'. [C:/Users/janak/lab5/lab5.srcs/constrs_1/new/lab5xdc.xdc:12]
CRITICAL WARNING: [Common 17-55] 'set_property' expects at least one object. [C:/Users/janak/lab5/lab5.srcs/constrs_1/new/lab5xdc.xdc:12]
Resolution: If [get_<value>] was used to populate the object, check to make sure this command returns at least one valid object.
WARNING: [Vivado 12-584] No ports matched 'D'. [C:/Users/janak/lab5/lab5.srcs/constrs_1/new/lab5xdc.xdc:13]
CRITICAL WARNING: [Common 17-55] 'set_property' expects at least one object. [C:/Users/janak/lab5/lab5.srcs/constrs_1/new/lab5xdc.xdc:13]
Resolution: If [get_<value>] was used to populate the object, check to make sure this command returns at least one valid object.
WARNING: [Vivado 12-584] No ports matched 'Qbar'. [C:/Users/janak/lab5/lab5.srcs/constrs_1/new/lab5xdc.xdc:49]
CRITICAL WARNING: [Common 17-55] 'set_property' expects at least one object. [C:/Users/janak/lab5/lab5.srcs/constrs_1/new/lab5xdc.xdc:49]
Resolution: If [get_<value>] was used to populate the object, check to make sure this command returns at least one valid object.
WARNING: [Vivado 12-584] No ports matched 'Qbar'. [C:/Users/janak/lab5/lab5.srcs/constrs_1/new/lab5xdc.xdc:50]
CRITICAL WARNING: [Common 17-55] 'set_property' expects at least one object. [C:/Users/janak/lab5/lab5.srcs/constrs_1/new/lab5xdc.xdc:50]
Resolution: If [get_<value>] was used to populate the object, check to make sure this command returns at least one valid object.
Finished Parsing XDC File [C:/Users/janak/lab5/lab5.srcs/constrs_1/new/lab5xdc.xdc]
INFO: [Project 1-236] Implementation specific constraints were found while reading constraint file [C:/Users/janak/lab5/lab5.srcs/constrs_1/new/lab5xdc.xdc]. These constraints will be ignored for synthesis but will be used in implementation. Impacted constraints are listed in the file [.Xil/Counter_propImpl.xdc].
Resolution: To avoid this warning, move constraints listed in [.Xil/Counter_propImpl.xdc] to another XDC file and exclude this new file from synthesis with the used_in_synthesis property (File Properties dialog in GUI) and re-run elaboration/synthesis.
Parsing XDC File [C:/Users/janak/lab5/lab5.srcs/constrs_1/new/Slow_Clk.xdc]
WARNING: [Vivado 12-584] No ports matched 'Clk_in'. [C:/Users/janak/lab5/lab5.srcs/constrs_1/new/Slow_Clk.xdc:12]
CRITICAL WARNING: [Common 17-55] 'set_property' expects at least one object. [C:/Users/janak/lab5/lab5.srcs/constrs_1/new/Slow_Clk.xdc:12]
Resolution: If [get_<value>] was used to populate the object, check to make sure this command returns at least one valid object.
WARNING: [Vivado 12-584] No ports matched 'Clk_in'. [C:/Users/janak/lab5/lab5.srcs/constrs_1/new/Slow_Clk.xdc:13]
CRITICAL WARNING: [Common 17-55] 'set_property' expects at least one object. [C:/Users/janak/lab5/lab5.srcs/constrs_1/new/Slow_Clk.xdc:13]
Resolution: If [get_<value>] was used to populate the object, check to make sure this command returns at least one valid object.
WARNING: [Vivado 12-584] No ports matched 'Clk_out'. [C:/Users/janak/lab5/lab5.srcs/constrs_1/new/Slow_Clk.xdc:46]
CRITICAL WARNING: [Common 17-55] 'set_property' expects at least one object. [C:/Users/janak/lab5/lab5.srcs/constrs_1/new/Slow_Clk.xdc:46]
Resolution: If [get_<value>] was used to populate the object, check to make sure this command returns at least one valid object.
WARNING: [Vivado 12-584] No ports matched 'Clk_out'. [C:/Users/janak/lab5/lab5.srcs/constrs_1/new/Slow_Clk.xdc:47]
CRITICAL WARNING: [Common 17-55] 'set_property' expects at least one object. [C:/Users/janak/lab5/lab5.srcs/constrs_1/new/Slow_Clk.xdc:47]
Resolution: If [get_<value>] was used to populate the object, check to make sure this command returns at least one valid object.
Finished Parsing XDC File [C:/Users/janak/lab5/lab5.srcs/constrs_1/new/Slow_Clk.xdc]
Completed Processing XDC Constraints

INFO: [Project 1-111] Unisim Transformation Summary:
No Unisim elements were transformed.

Constraint Validation Runtime : Time (s): cpu = 00:00:00 ; elapsed = 00:00:00.002 . Memory (MB): peak = 778.898 ; gain = 0.000
---------------------------------------------------------------------------------
Finished Constraint Validation : Time (s): cpu = 00:00:09 ; elapsed = 00:00:11 . Memory (MB): peak = 778.898 ; gain = 437.266
---------------------------------------------------------------------------------
---------------------------------------------------------------------------------
Start Loading Part and Timing Information
---------------------------------------------------------------------------------
Loading part: xc7a35tcpg236-1
---------------------------------------------------------------------------------
Finished Loading Part and Timing Information : Time (s): cpu = 00:00:09 ; elapsed = 00:00:11 . Memory (MB): peak = 778.898 ; gain = 437.266
---------------------------------------------------------------------------------
---------------------------------------------------------------------------------
Start Applying 'set_property' XDC Constraints
---------------------------------------------------------------------------------
---------------------------------------------------------------------------------
Finished applying 'set_property' XDC Constraints : Time (s): cpu = 00:00:09 ; elapsed = 00:00:11 . Memory (MB): peak = 778.898 ; gain = 437.266
---------------------------------------------------------------------------------
INFO: [Synth 8-5545] ROM "count" won't be mapped to RAM because address size (32) is larger than maximum supported(25)
INFO: [Synth 8-5545] ROM "clk_status" won't be mapped to RAM because address size (32) is larger than maximum supported(25)
---------------------------------------------------------------------------------
Finished RTL Optimization Phase 2 : Time (s): cpu = 00:00:09 ; elapsed = 00:00:11 . Memory (MB): peak = 778.898 ; gain = 437.266
---------------------------------------------------------------------------------

Report RTL Partitions: 
+-+--------------+------------+----------+
| |RTL Partition |Replication |Instances |
+-+--------------+------------+----------+
+-+--------------+------------+----------+
---------------------------------------------------------------------------------
Start RTL Component Statistics 
---------------------------------------------------------------------------------
Detailed RTL Component Info : 
+---Adders : 
	   2 Input     32 Bit       Adders := 1     
+---Registers : 
	               32 Bit    Registers := 1     
	                1 Bit    Registers := 8     
+---Muxes : 
	   2 Input     32 Bit        Muxes := 1     
	   2 Input      1 Bit        Muxes := 1     
---------------------------------------------------------------------------------
Finished RTL Component Statistics 
---------------------------------------------------------------------------------
---------------------------------------------------------------------------------
Start RTL Hierarchical Component Statistics 
---------------------------------------------------------------------------------
Hierarchical RTL Component report 
Module Slow_Clk 
Detailed RTL Component Info : 
+---Adders : 
	   2 Input     32 Bit       Adders := 1     
+---Registers : 
	               32 Bit    Registers := 1     
	                1 Bit    Registers := 2     
+---Muxes : 
	   2 Input     32 Bit        Muxes := 1     
	   2 Input      1 Bit        Muxes := 1     
Module D_FF 
Detailed RTL Component Info : 
+---Registers : 
	                1 Bit    Registers := 2     
---------------------------------------------------------------------------------
Finished RTL Hierarchical Component Statistics
---------------------------------------------------------------------------------
---------------------------------------------------------------------------------
Start Part Resource Summary
---------------------------------------------------------------------------------
Part Resources:
DSPs: 90 (col length:60)
BRAMs: 100 (col length: RAMB18 60 RAMB36 30)
---------------------------------------------------------------------------------
Finished Part Resource Summary
---------------------------------------------------------------------------------
---------------------------------------------------------------------------------
Start Cross Boundary and Area Optimization
---------------------------------------------------------------------------------
Warning: Parallel synthesis criteria is not met 
WARNING: [Synth 8-6014] Unused sequential element D_FF0/Qbar_reg was removed.  [C:/Users/janak/lab5/lab5.srcs/sources_1/new/D_FF.vhd:50]
WARNING: [Synth 8-6014] Unused sequential element D_FF1/Qbar_reg was removed.  [C:/Users/janak/lab5/lab5.srcs/sources_1/new/D_FF.vhd:50]
WARNING: [Synth 8-6014] Unused sequential element D_FF2/Qbar_reg was removed.  [C:/Users/janak/lab5/lab5.srcs/sources_1/new/D_FF.vhd:50]
INFO: [Synth 8-5545] ROM "Slow_Clk0/count" won't be mapped to RAM because address size (32) is larger than maximum supported(25)
INFO: [Synth 8-5545] ROM "Slow_Clk0/clk_status" won't be mapped to RAM because address size (32) is larger than maximum supported(25)
---------------------------------------------------------------------------------
Finished Cross Boundary and Area Optimization : Time (s): cpu = 00:00:10 ; elapsed = 00:00:11 . Memory (MB): peak = 778.898 ; gain = 437.266
---------------------------------------------------------------------------------

Report RTL Partitions: 
+-+--------------+------------+----------+
| |RTL Partition |Replication |Instances |
+-+--------------+------------+----------+
+-+--------------+------------+----------+
---------------------------------------------------------------------------------
Start Applying XDC Timing Constraints
---------------------------------------------------------------------------------
---------------------------------------------------------------------------------
Finished Applying XDC Timing Constraints : Time (s): cpu = 00:00:16 ; elapsed = 00:00:19 . Memory (MB): peak = 810.113 ; gain = 468.480
---------------------------------------------------------------------------------
---------------------------------------------------------------------------------
Start Timing Optimization
---------------------------------------------------------------------------------
---------------------------------------------------------------------------------
Finished Timing Optimization : Time (s): cpu = 00:00:16 ; elapsed = 00:00:19 . Memory (MB): peak = 810.188 ; gain = 468.555
---------------------------------------------------------------------------------

Report RTL Partitions: 
+-+--------------+------------+----------+
| |RTL Partition |Replication |Instances |
+-+--------------+------------+----------+
+-+--------------+------------+----------+
---------------------------------------------------------------------------------
Start Technology Mapping
---------------------------------------------------------------------------------
---------------------------------------------------------------------------------
Finished Technology Mapping : Time (s): cpu = 00:00:16 ; elapsed = 00:00:19 . Memory (MB): peak = 820.246 ; gain = 478.613
---------------------------------------------------------------------------------

Report RTL Partitions: 
+-+--------------+------------+----------+
| |RTL Partition |Replication |Instances |
+-+--------------+------------+----------+
+-+--------------+------------+----------+
---------------------------------------------------------------------------------
Start IO Insertion
---------------------------------------------------------------------------------
---------------------------------------------------------------------------------
Start Flattening Before IO Insertion
---------------------------------------------------------------------------------
---------------------------------------------------------------------------------
Finished Flattening Before IO Insertion
---------------------------------------------------------------------------------
---------------------------------------------------------------------------------
Start Final Netlist Cleanup
---------------------------------------------------------------------------------
---------------------------------------------------------------------------------
Finished Final Netlist Cleanup
---------------------------------------------------------------------------------
---------------------------------------------------------------------------------
Finished IO Insertion : Time (s): cpu = 00:00:17 ; elapsed = 00:00:20 . Memory (MB): peak = 820.246 ; gain = 478.613
---------------------------------------------------------------------------------

Report Check Netlist: 
+------+------------------+-------+---------+-------+------------------+
|      |Item              |Errors |Warnings |Status |Description       |
+------+------------------+-------+---------+-------+------------------+
|1     |multi_driven_nets |      0|        0|Passed |Multi driven nets |
+------+------------------+-------+---------+-------+------------------+
---------------------------------------------------------------------------------
Start Renaming Generated Instances
---------------------------------------------------------------------------------
---------------------------------------------------------------------------------
Finished Renaming Generated Instances : Time (s): cpu = 00:00:17 ; elapsed = 00:00:20 . Memory (MB): peak = 820.246 ; gain = 478.613
---------------------------------------------------------------------------------

Report RTL Partitions: 
+-+--------------+------------+----------+
| |RTL Partition |Replication |Instances |
+-+--------------+------------+----------+
+-+--------------+------------+----------+
---------------------------------------------------------------------------------
Start Rebuilding User Hierarchy
---------------------------------------------------------------------------------
---------------------------------------------------------------------------------
Finished Rebuilding User Hierarchy : Time (s): cpu = 00:00:17 ; elapsed = 00:00:20 . Memory (MB): peak = 820.246 ; gain = 478.613
---------------------------------------------------------------------------------
---------------------------------------------------------------------------------
Start Renaming Generated Ports
---------------------------------------------------------------------------------
---------------------------------------------------------------------------------
Finished Renaming Generated Ports : Time (s): cpu = 00:00:17 ; elapsed = 00:00:20 . Memory (MB): peak = 820.246 ; gain = 478.613
---------------------------------------------------------------------------------
---------------------------------------------------------------------------------
Start Handling Custom Attributes
---------------------------------------------------------------------------------
---------------------------------------------------------------------------------
Finished Handling Custom Attributes : Time (s): cpu = 00:00:17 ; elapsed = 00:00:20 . Memory (MB): peak = 820.246 ; gain = 478.613
---------------------------------------------------------------------------------
---------------------------------------------------------------------------------
Start Renaming Generated Nets
---------------------------------------------------------------------------------
---------------------------------------------------------------------------------
Finished Renaming Generated Nets : Time (s): cpu = 00:00:17 ; elapsed = 00:00:20 . Memory (MB): peak = 820.246 ; gain = 478.613
---------------------------------------------------------------------------------
---------------------------------------------------------------------------------
Start Writing Synthesis Report
---------------------------------------------------------------------------------

Report BlackBoxes: 
+-+--------------+----------+
| |BlackBox name |Instances |
+-+--------------+----------+
+-+--------------+----------+

Report Cell Usage: 
+------+-------+------+
|      |Cell   |Count |
+------+-------+------+
|1     |BUFG   |     1|
|2     |CARRY4 |     8|
|3     |LUT1   |     1|
|4     |LUT4   |     8|
|5     |LUT5   |     5|
|6     |LUT6   |     1|
|7     |FDRE   |    37|
|8     |IBUF   |     3|
|9     |OBUF   |     3|
+------+-------+------+

Report Instance Areas: 
+------+------------+---------+------+
|      |Instance    |Module   |Cells |
+------+------------+---------+------+
|1     |top         |         |    67|
|2     |  D_FF0     |D_FF     |     2|
|3     |  D_FF1     |D_FF_0   |     2|
|4     |  D_FF2     |D_FF_1   |     2|
|5     |  Slow_Clk0 |Slow_Clk |    54|
+------+------------+---------+------+
---------------------------------------------------------------------------------
Finished Writing Synthesis Report : Time (s): cpu = 00:00:17 ; elapsed = 00:00:20 . Memory (MB): peak = 820.246 ; gain = 478.613
---------------------------------------------------------------------------------
Synthesis finished with 0 errors, 0 critical warnings and 3 warnings.
Synthesis Optimization Runtime : Time (s): cpu = 00:00:10 ; elapsed = 00:00:14 . Memory (MB): peak = 820.246 ; gain = 191.418
Synthesis Optimization Complete : Time (s): cpu = 00:00:17 ; elapsed = 00:00:20 . Memory (MB): peak = 820.246 ; gain = 478.613
INFO: [Project 1-571] Translating synthesized netlist
INFO: [Netlist 29-17] Analyzing 11 Unisim elements for replacement
INFO: [Netlist 29-28] Unisim Transformation completed in 0 CPU seconds
INFO: [Project 1-570] Preparing netlist for logic optimization
INFO: [Opt 31-138] Pushed 0 inverter(s) to 0 load pin(s).
INFO: [Project 1-111] Unisim Transformation Summary:
No Unisim elements were transformed.

INFO: [Common 17-83] Releasing license: Synthesis
26 Infos, 11 Warnings, 8 Critical Warnings and 0 Errors encountered.
synth_design completed successfully
synth_design: Time (s): cpu = 00:00:19 ; elapsed = 00:00:22 . Memory (MB): peak = 831.160 ; gain = 501.613
WARNING: [Constraints 18-5210] No constraint will be written out.
INFO: [Common 17-1381] The checkpoint 'C:/Users/janak/lab5/lab5.runs/synth_1/Counter.dcp' has been generated.
INFO: [runtcl-4] Executing : report_utilization -file Counter_utilization_synth.rpt -pb Counter_utilization_synth.pb
report_utilization: Time (s): cpu = 00:00:00 ; elapsed = 00:00:00.017 . Memory (MB): peak = 831.160 ; gain = 0.000
INFO: [Common 17-206] Exiting Vivado at Sat Apr  8 16:36:28 2023...
